==> ccomp_age_crct.log <==
RMSE: 18.37926856555947
MAE: 12.987185036254996
r: -0.175283654625882

==> ccomp_atac_plus_ccomp.log <==
RMSE: 7.478529530983002
MAE: 5.418685712050149
r: 0.8626793080099868

==> ccomp_crct_in_ncv.log <==
RMSE: 7.738478912609133
MAE: 5.40202509775661
r: 0.8442769195986972

==> ccomp_crct.log <==
RMSE: 4.669307171157181
MAE: 3.194851016299289
r: 0.9466352331438097

==> ccomp_crct_no_age.log <==
RMSE: 13.09032974398327
MAE: 10.200867123132895
r: 0.4135113384628947

==> ccomp_no_crct.log <==
RMSE: 7.49026196999898
MAE: 5.651051658468923
r: 0.8622578219481087

==> ccomp_only.log <==
RMSE: 13.648548014949169
MAE: 10.303497304930211
r: 0.328940970460061
